<?xml version="1.0" encoding="utf-8"?><testsuites name="pytest tests"><testsuite name="pytest" errors="0" failures="0" skipped="0" tests="5" time="2.246" timestamp="2026-05-09T11:12:25.276990+00:00" hostname="agent-env-be4bcfa1-5927-495b-bbea-5573121527b2"><testcase classname="tests.test_nexus_deployment_public" name="test_ingress_home_public_reachable_and_polished" time="0.676" /><testcase classname="tests.test_nexus_deployment_public" name="test_ingress_chat_route_loads_gate_or_shell" time="0.342" /><testcase classname="tests.test_nexus_deployment_public" name="test_ingress_healthz_public_200" time="0.624" /><testcase classname="tests.test_nexus_deployment_public" name="test_ingress_readyz_public_200" time="0.283" /><testcase classname="tests.test_nexus_deployment_public" name="test_ingress_s3_status_json_and_no_secret_leakage" time="0.257" /></testsuite></testsuites>