<?xml version="1.0" encoding="utf-8"?><testsuites name="pytest tests"><testsuite name="pytest" errors="0" failures="0" skipped="1" tests="6" time="2.160" timestamp="2026-05-09T10:57:55.966574+00:00" hostname="agent-env-be4bcfa1-5927-495b-bbea-5573121527b2"><testcase classname="tests.test_nexus_deployment_public" name="test_web_home_public_reachable" time="0.456" /><testcase classname="tests.test_nexus_deployment_public" name="test_docs_home_public_reachable" time="0.517" /><testcase classname="tests.test_nexus_deployment_public" name="test_admin_public_returns_401_basic_auth" time="0.281" /><testcase classname="tests.test_nexus_deployment_public" name="test_api_gateway_healthz_public_200" time="0.523" /><testcase classname="tests.test_nexus_deployment_public" name="test_api_gateway_readyz_public_200" time="0.324" /><testcase classname="tests.test_nexus_deployment_public" name="test_server_root_http_reachable" time="0.000"><skipped type="pytest.skip" message="Direct root HTTP ingress is not configured; app URLs are tested separately.">/app/tests/test_nexus_deployment_public.py:60: Direct root HTTP ingress is not configured; app URLs are tested separately.</skipped></testcase></testsuite></testsuites>