<?xml version="1.0" encoding="utf-8"?><testsuites name="pytest tests"><testsuite name="pytest" errors="0" failures="0" skipped="0" tests="5" time="0.698" timestamp="2026-05-10T16:31:30.167978+00:00" hostname="agent-env-ab0e3f42-3ce7-4f14-9881-bf5f9e8162fa"><testcase classname="backend.tests.test_firebase_channels_broadcast" name="test_firebase_status_ready" time="0.003" /><testcase classname="backend.tests.test_firebase_channels_broadcast" name="test_channels_hub_list_loads" time="0.311" /><testcase classname="backend.tests.test_firebase_channels_broadcast" name="test_channel_creation_and_persistence" time="0.087" /><testcase classname="backend.tests.test_firebase_channels_broadcast" name="test_channel_draft_creation_and_persistence" time="0.132" /><testcase classname="backend.tests.test_firebase_channels_broadcast" name="test_broadcast_list_creation_and_persistence" time="0.087" /></testsuite></testsuites>