<?xml version="1.0" encoding="utf-8"?><testsuites name="pytest tests"><testsuite name="pytest" errors="0" failures="6" skipped="0" tests="6" time="72.716" timestamp="2026-05-09T10:37:56.162198+00:00" hostname="agent-env-be4bcfa1-5927-495b-bbea-5573121527b2"><testcase classname="tests.test_nexus_deployment_public" name="test_web_home_public_reachable" time="12.014"><failure message="requests.exceptions.ConnectTimeout: HTTPConnectionPool(host='20.249.208.224', port=3000): Max retries exceeded with url: / (Caused by ConnectTimeoutError(&lt;HTTPConnection(host='20.249.208.224', port=3000) at 0xfacc28193210&gt;, 'Connection to 20.249.208.224 timed out. (connect timeout=12)'))">/root/.venv/lib/python3.11/site-packages/urllib3/connection.py:204: in _new_conn
    sock = connection.create_connection(
/root/.venv/lib/python3.11/site-packages/urllib3/util/connection.py:85: in create_connection
    raise err
/root/.venv/lib/python3.11/site-packages/urllib3/util/connection.py:73: in create_connection
    sock.connect(sa)
E   TimeoutError: timed out

The above exception was the direct cause of the following exception:
/root/.venv/lib/python3.11/site-packages/urllib3/connectionpool.py:787: in urlopen
    response = self._make_request(
/root/.venv/lib/python3.11/site-packages/urllib3/connectionpool.py:493: in _make_request
    conn.request(
/root/.venv/lib/python3.11/site-packages/urllib3/connection.py:500: in request
    self.endheaders()
/usr/local/lib/python3.11/http/client.py:1318: in endheaders
    self._send_output(message_body, encode_chunked=encode_chunked)
/usr/local/lib/python3.11/http/client.py:1078: in _send_output
    self.send(msg)
/usr/local/lib/python3.11/http/client.py:1016: in send
    self.connect()
/root/.venv/lib/python3.11/site-packages/urllib3/connection.py:331: in connect
    self.sock = self._new_conn()
                ^^^^^^^^^^^^^^^^
/root/.venv/lib/python3.11/site-packages/urllib3/connection.py:213: in _new_conn
    raise ConnectTimeoutError(
E   urllib3.exceptions.ConnectTimeoutError: (&lt;HTTPConnection(host='20.249.208.224', port=3000) at 0xfacc28193210&gt;, 'Connection to 20.249.208.224 timed out. (connect timeout=12)')

The above exception was the direct cause of the following exception:
/root/.venv/lib/python3.11/site-packages/requests/adapters.py:645: in send
    resp = conn.urlopen(
/root/.venv/lib/python3.11/site-packages/urllib3/connectionpool.py:841: in urlopen
    retries = retries.increment(
/root/.venv/lib/python3.11/site-packages/urllib3/util/retry.py:535: in increment
    raise MaxRetryError(_pool, url, reason) from reason  # type: ignore[arg-type]
    ^^^^^^^^^^^^^^^^^^^^^^^^^^^^^^^^^^^^^^^^^^^^^^^^^^^
E   urllib3.exceptions.MaxRetryError: HTTPConnectionPool(host='20.249.208.224', port=3000): Max retries exceeded with url: / (Caused by ConnectTimeoutError(&lt;HTTPConnection(host='20.249.208.224', port=3000) at 0xfacc28193210&gt;, 'Connection to 20.249.208.224 timed out. (connect timeout=12)'))

During handling of the above exception, another exception occurred:
tests/test_nexus_deployment_public.py:19: in test_web_home_public_reachable
    response = fetch(f"{BASE_HTTP}:3000")
               ^^^^^^^^^^^^^^^^^^^^^^^^^^
tests/test_nexus_deployment_public.py:14: in fetch
    return requests.get(url, timeout=TIMEOUT_SECONDS, allow_redirects=False)
           ^^^^^^^^^^^^^^^^^^^^^^^^^^^^^^^^^^^^^^^^^^^^^^^^^^^^^^^^^^^^^^^^^
/root/.venv/lib/python3.11/site-packages/requests/api.py:73: in get
    return request("get", url, params=params, **kwargs)
           ^^^^^^^^^^^^^^^^^^^^^^^^^^^^^^^^^^^^^^^^^^^^
/root/.venv/lib/python3.11/site-packages/requests/api.py:59: in request
    return session.request(method=method, url=url, **kwargs)
           ^^^^^^^^^^^^^^^^^^^^^^^^^^^^^^^^^^^^^^^^^^^^^^^^^
/root/.venv/lib/python3.11/site-packages/requests/sessions.py:592: in request
    resp = self.send(prep, **send_kwargs)
           ^^^^^^^^^^^^^^^^^^^^^^^^^^^^^^
/root/.venv/lib/python3.11/site-packages/requests/sessions.py:706: in send
    r = adapter.send(request, **kwargs)
        ^^^^^^^^^^^^^^^^^^^^^^^^^^^^^^^
/root/.venv/lib/python3.11/site-packages/requests/adapters.py:666: in send
    raise ConnectTimeout(e, request=request)
E   requests.exceptions.ConnectTimeout: HTTPConnectionPool(host='20.249.208.224', port=3000): Max retries exceeded with url: / (Caused by ConnectTimeoutError(&lt;HTTPConnection(host='20.249.208.224', port=3000) at 0xfacc28193210&gt;, 'Connection to 20.249.208.224 timed out. (connect timeout=12)'))</failure></testcase><testcase classname="tests.test_nexus_deployment_public" name="test_docs_home_public_reachable" time="12.013"><failure message="requests.exceptions.ConnectTimeout: HTTPConnectionPool(host='20.249.208.224', port=3001): Max retries exceeded with url: / (Caused by ConnectTimeoutError(&lt;HTTPConnection(host='20.249.208.224', port=3001) at 0xfacc2811d150&gt;, 'Connection to 20.249.208.224 timed out. (connect timeout=12)'))">/root/.venv/lib/python3.11/site-packages/urllib3/connection.py:204: in _new_conn
    sock = connection.create_connection(
/root/.venv/lib/python3.11/site-packages/urllib3/util/connection.py:85: in create_connection
    raise err
/root/.venv/lib/python3.11/site-packages/urllib3/util/connection.py:73: in create_connection
    sock.connect(sa)
E   TimeoutError: timed out

The above exception was the direct cause of the following exception:
/root/.venv/lib/python3.11/site-packages/urllib3/connectionpool.py:787: in urlopen
    response = self._make_request(
/root/.venv/lib/python3.11/site-packages/urllib3/connectionpool.py:493: in _make_request
    conn.request(
/root/.venv/lib/python3.11/site-packages/urllib3/connection.py:500: in request
    self.endheaders()
/usr/local/lib/python3.11/http/client.py:1318: in endheaders
    self._send_output(message_body, encode_chunked=encode_chunked)
/usr/local/lib/python3.11/http/client.py:1078: in _send_output
    self.send(msg)
/usr/local/lib/python3.11/http/client.py:1016: in send
    self.connect()
/root/.venv/lib/python3.11/site-packages/urllib3/connection.py:331: in connect
    self.sock = self._new_conn()
                ^^^^^^^^^^^^^^^^
/root/.venv/lib/python3.11/site-packages/urllib3/connection.py:213: in _new_conn
    raise ConnectTimeoutError(
E   urllib3.exceptions.ConnectTimeoutError: (&lt;HTTPConnection(host='20.249.208.224', port=3001) at 0xfacc2811d150&gt;, 'Connection to 20.249.208.224 timed out. (connect timeout=12)')

The above exception was the direct cause of the following exception:
/root/.venv/lib/python3.11/site-packages/requests/adapters.py:645: in send
    resp = conn.urlopen(
/root/.venv/lib/python3.11/site-packages/urllib3/connectionpool.py:841: in urlopen
    retries = retries.increment(
/root/.venv/lib/python3.11/site-packages/urllib3/util/retry.py:535: in increment
    raise MaxRetryError(_pool, url, reason) from reason  # type: ignore[arg-type]
    ^^^^^^^^^^^^^^^^^^^^^^^^^^^^^^^^^^^^^^^^^^^^^^^^^^^
E   urllib3.exceptions.MaxRetryError: HTTPConnectionPool(host='20.249.208.224', port=3001): Max retries exceeded with url: / (Caused by ConnectTimeoutError(&lt;HTTPConnection(host='20.249.208.224', port=3001) at 0xfacc2811d150&gt;, 'Connection to 20.249.208.224 timed out. (connect timeout=12)'))

During handling of the above exception, another exception occurred:
tests/test_nexus_deployment_public.py:25: in test_docs_home_public_reachable
    response = fetch(f"{BASE_HTTP}:3001")
               ^^^^^^^^^^^^^^^^^^^^^^^^^^
tests/test_nexus_deployment_public.py:14: in fetch
    return requests.get(url, timeout=TIMEOUT_SECONDS, allow_redirects=False)
           ^^^^^^^^^^^^^^^^^^^^^^^^^^^^^^^^^^^^^^^^^^^^^^^^^^^^^^^^^^^^^^^^^
/root/.venv/lib/python3.11/site-packages/requests/api.py:73: in get
    return request("get", url, params=params, **kwargs)
           ^^^^^^^^^^^^^^^^^^^^^^^^^^^^^^^^^^^^^^^^^^^^
/root/.venv/lib/python3.11/site-packages/requests/api.py:59: in request
    return session.request(method=method, url=url, **kwargs)
           ^^^^^^^^^^^^^^^^^^^^^^^^^^^^^^^^^^^^^^^^^^^^^^^^^
/root/.venv/lib/python3.11/site-packages/requests/sessions.py:592: in request
    resp = self.send(prep, **send_kwargs)
           ^^^^^^^^^^^^^^^^^^^^^^^^^^^^^^
/root/.venv/lib/python3.11/site-packages/requests/sessions.py:706: in send
    r = adapter.send(request, **kwargs)
        ^^^^^^^^^^^^^^^^^^^^^^^^^^^^^^^
/root/.venv/lib/python3.11/site-packages/requests/adapters.py:666: in send
    raise ConnectTimeout(e, request=request)
E   requests.exceptions.ConnectTimeout: HTTPConnectionPool(host='20.249.208.224', port=3001): Max retries exceeded with url: / (Caused by ConnectTimeoutError(&lt;HTTPConnection(host='20.249.208.224', port=3001) at 0xfacc2811d150&gt;, 'Connection to 20.249.208.224 timed out. (connect timeout=12)'))</failure></testcase><testcase classname="tests.test_nexus_deployment_public" name="test_admin_public_returns_401_basic_auth" time="12.013"><failure message="requests.exceptions.ConnectTimeout: HTTPConnectionPool(host='20.249.208.224', port=3002): Max retries exceeded with url: / (Caused by ConnectTimeoutError(&lt;HTTPConnection(host='20.249.208.224', port=3002) at 0xfacc27ba6510&gt;, 'Connection to 20.249.208.224 timed out. (connect timeout=12)'))">/root/.venv/lib/python3.11/site-packages/urllib3/connection.py:204: in _new_conn
    sock = connection.create_connection(
/root/.venv/lib/python3.11/site-packages/urllib3/util/connection.py:85: in create_connection
    raise err
/root/.venv/lib/python3.11/site-packages/urllib3/util/connection.py:73: in create_connection
    sock.connect(sa)
E   TimeoutError: timed out

The above exception was the direct cause of the following exception:
/root/.venv/lib/python3.11/site-packages/urllib3/connectionpool.py:787: in urlopen
    response = self._make_request(
/root/.venv/lib/python3.11/site-packages/urllib3/connectionpool.py:493: in _make_request
    conn.request(
/root/.venv/lib/python3.11/site-packages/urllib3/connection.py:500: in request
    self.endheaders()
/usr/local/lib/python3.11/http/client.py:1318: in endheaders
    self._send_output(message_body, encode_chunked=encode_chunked)
/usr/local/lib/python3.11/http/client.py:1078: in _send_output
    self.send(msg)
/usr/local/lib/python3.11/http/client.py:1016: in send
    self.connect()
/root/.venv/lib/python3.11/site-packages/urllib3/connection.py:331: in connect
    self.sock = self._new_conn()
                ^^^^^^^^^^^^^^^^
/root/.venv/lib/python3.11/site-packages/urllib3/connection.py:213: in _new_conn
    raise ConnectTimeoutError(
E   urllib3.exceptions.ConnectTimeoutError: (&lt;HTTPConnection(host='20.249.208.224', port=3002) at 0xfacc27ba6510&gt;, 'Connection to 20.249.208.224 timed out. (connect timeout=12)')

The above exception was the direct cause of the following exception:
/root/.venv/lib/python3.11/site-packages/requests/adapters.py:645: in send
    resp = conn.urlopen(
/root/.venv/lib/python3.11/site-packages/urllib3/connectionpool.py:841: in urlopen
    retries = retries.increment(
/root/.venv/lib/python3.11/site-packages/urllib3/util/retry.py:535: in increment
    raise MaxRetryError(_pool, url, reason) from reason  # type: ignore[arg-type]
    ^^^^^^^^^^^^^^^^^^^^^^^^^^^^^^^^^^^^^^^^^^^^^^^^^^^
E   urllib3.exceptions.MaxRetryError: HTTPConnectionPool(host='20.249.208.224', port=3002): Max retries exceeded with url: / (Caused by ConnectTimeoutError(&lt;HTTPConnection(host='20.249.208.224', port=3002) at 0xfacc27ba6510&gt;, 'Connection to 20.249.208.224 timed out. (connect timeout=12)'))

During handling of the above exception, another exception occurred:
tests/test_nexus_deployment_public.py:31: in test_admin_public_returns_401_basic_auth
    response = fetch(f"{BASE_HTTP}:3002")
               ^^^^^^^^^^^^^^^^^^^^^^^^^^
tests/test_nexus_deployment_public.py:14: in fetch
    return requests.get(url, timeout=TIMEOUT_SECONDS, allow_redirects=False)
           ^^^^^^^^^^^^^^^^^^^^^^^^^^^^^^^^^^^^^^^^^^^^^^^^^^^^^^^^^^^^^^^^^
/root/.venv/lib/python3.11/site-packages/requests/api.py:73: in get
    return request("get", url, params=params, **kwargs)
           ^^^^^^^^^^^^^^^^^^^^^^^^^^^^^^^^^^^^^^^^^^^^
/root/.venv/lib/python3.11/site-packages/requests/api.py:59: in request
    return session.request(method=method, url=url, **kwargs)
           ^^^^^^^^^^^^^^^^^^^^^^^^^^^^^^^^^^^^^^^^^^^^^^^^^
/root/.venv/lib/python3.11/site-packages/requests/sessions.py:592: in request
    resp = self.send(prep, **send_kwargs)
           ^^^^^^^^^^^^^^^^^^^^^^^^^^^^^^
/root/.venv/lib/python3.11/site-packages/requests/sessions.py:706: in send
    r = adapter.send(request, **kwargs)
        ^^^^^^^^^^^^^^^^^^^^^^^^^^^^^^^
/root/.venv/lib/python3.11/site-packages/requests/adapters.py:666: in send
    raise ConnectTimeout(e, request=request)
E   requests.exceptions.ConnectTimeout: HTTPConnectionPool(host='20.249.208.224', port=3002): Max retries exceeded with url: / (Caused by ConnectTimeoutError(&lt;HTTPConnection(host='20.249.208.224', port=3002) at 0xfacc27ba6510&gt;, 'Connection to 20.249.208.224 timed out. (connect timeout=12)'))</failure></testcase><testcase classname="tests.test_nexus_deployment_public" name="test_api_gateway_healthz_public_200" time="12.004"><failure message="requests.exceptions.ConnectTimeout: HTTPConnectionPool(host='20.249.208.224', port=4000): Max retries exceeded with url: /healthz (Caused by ConnectTimeoutError(&lt;HTTPConnection(host='20.249.208.224', port=4000) at 0xfacc279bc550&gt;, 'Connection to 20.249.208.224 timed out. (connect timeout=12)'))">/root/.venv/lib/python3.11/site-packages/urllib3/connection.py:204: in _new_conn
    sock = connection.create_connection(
/root/.venv/lib/python3.11/site-packages/urllib3/util/connection.py:85: in create_connection
    raise err
/root/.venv/lib/python3.11/site-packages/urllib3/util/connection.py:73: in create_connection
    sock.connect(sa)
E   TimeoutError: timed out

The above exception was the direct cause of the following exception:
/root/.venv/lib/python3.11/site-packages/urllib3/connectionpool.py:787: in urlopen
    response = self._make_request(
/root/.venv/lib/python3.11/site-packages/urllib3/connectionpool.py:493: in _make_request
    conn.request(
/root/.venv/lib/python3.11/site-packages/urllib3/connection.py:500: in request
    self.endheaders()
/usr/local/lib/python3.11/http/client.py:1318: in endheaders
    self._send_output(message_body, encode_chunked=encode_chunked)
/usr/local/lib/python3.11/http/client.py:1078: in _send_output
    self.send(msg)
/usr/local/lib/python3.11/http/client.py:1016: in send
    self.connect()
/root/.venv/lib/python3.11/site-packages/urllib3/connection.py:331: in connect
    self.sock = self._new_conn()
                ^^^^^^^^^^^^^^^^
/root/.venv/lib/python3.11/site-packages/urllib3/connection.py:213: in _new_conn
    raise ConnectTimeoutError(
E   urllib3.exceptions.ConnectTimeoutError: (&lt;HTTPConnection(host='20.249.208.224', port=4000) at 0xfacc279bc550&gt;, 'Connection to 20.249.208.224 timed out. (connect timeout=12)')

The above exception was the direct cause of the following exception:
/root/.venv/lib/python3.11/site-packages/requests/adapters.py:645: in send
    resp = conn.urlopen(
/root/.venv/lib/python3.11/site-packages/urllib3/connectionpool.py:841: in urlopen
    retries = retries.increment(
/root/.venv/lib/python3.11/site-packages/urllib3/util/retry.py:535: in increment
    raise MaxRetryError(_pool, url, reason) from reason  # type: ignore[arg-type]
    ^^^^^^^^^^^^^^^^^^^^^^^^^^^^^^^^^^^^^^^^^^^^^^^^^^^
E   urllib3.exceptions.MaxRetryError: HTTPConnectionPool(host='20.249.208.224', port=4000): Max retries exceeded with url: /healthz (Caused by ConnectTimeoutError(&lt;HTTPConnection(host='20.249.208.224', port=4000) at 0xfacc279bc550&gt;, 'Connection to 20.249.208.224 timed out. (connect timeout=12)'))

During handling of the above exception, another exception occurred:
tests/test_nexus_deployment_public.py:39: in test_api_gateway_healthz_public_200
    response = fetch(f"{BASE_HTTP}:4000/healthz")
               ^^^^^^^^^^^^^^^^^^^^^^^^^^^^^^^^^^
tests/test_nexus_deployment_public.py:14: in fetch
    return requests.get(url, timeout=TIMEOUT_SECONDS, allow_redirects=False)
           ^^^^^^^^^^^^^^^^^^^^^^^^^^^^^^^^^^^^^^^^^^^^^^^^^^^^^^^^^^^^^^^^^
/root/.venv/lib/python3.11/site-packages/requests/api.py:73: in get
    return request("get", url, params=params, **kwargs)
           ^^^^^^^^^^^^^^^^^^^^^^^^^^^^^^^^^^^^^^^^^^^^
/root/.venv/lib/python3.11/site-packages/requests/api.py:59: in request
    return session.request(method=method, url=url, **kwargs)
           ^^^^^^^^^^^^^^^^^^^^^^^^^^^^^^^^^^^^^^^^^^^^^^^^^
/root/.venv/lib/python3.11/site-packages/requests/sessions.py:592: in request
    resp = self.send(prep, **send_kwargs)
           ^^^^^^^^^^^^^^^^^^^^^^^^^^^^^^
/root/.venv/lib/python3.11/site-packages/requests/sessions.py:706: in send
    r = adapter.send(request, **kwargs)
        ^^^^^^^^^^^^^^^^^^^^^^^^^^^^^^^
/root/.venv/lib/python3.11/site-packages/requests/adapters.py:666: in send
    raise ConnectTimeout(e, request=request)
E   requests.exceptions.ConnectTimeout: HTTPConnectionPool(host='20.249.208.224', port=4000): Max retries exceeded with url: /healthz (Caused by ConnectTimeoutError(&lt;HTTPConnection(host='20.249.208.224', port=4000) at 0xfacc279bc550&gt;, 'Connection to 20.249.208.224 timed out. (connect timeout=12)'))</failure></testcase><testcase classname="tests.test_nexus_deployment_public" name="test_api_gateway_readyz_public_200" time="12.007"><failure message="requests.exceptions.ConnectTimeout: HTTPConnectionPool(host='20.249.208.224', port=4000): Max retries exceeded with url: /readyz (Caused by ConnectTimeoutError(&lt;HTTPConnection(host='20.249.208.224', port=4000) at 0xfacc2791c790&gt;, 'Connection to 20.249.208.224 timed out. (connect timeout=12)'))">/root/.venv/lib/python3.11/site-packages/urllib3/connection.py:204: in _new_conn
    sock = connection.create_connection(
/root/.venv/lib/python3.11/site-packages/urllib3/util/connection.py:85: in create_connection
    raise err
/root/.venv/lib/python3.11/site-packages/urllib3/util/connection.py:73: in create_connection
    sock.connect(sa)
E   TimeoutError: timed out

The above exception was the direct cause of the following exception:
/root/.venv/lib/python3.11/site-packages/urllib3/connectionpool.py:787: in urlopen
    response = self._make_request(
/root/.venv/lib/python3.11/site-packages/urllib3/connectionpool.py:493: in _make_request
    conn.request(
/root/.venv/lib/python3.11/site-packages/urllib3/connection.py:500: in request
    self.endheaders()
/usr/local/lib/python3.11/http/client.py:1318: in endheaders
    self._send_output(message_body, encode_chunked=encode_chunked)
/usr/local/lib/python3.11/http/client.py:1078: in _send_output
    self.send(msg)
/usr/local/lib/python3.11/http/client.py:1016: in send
    self.connect()
/root/.venv/lib/python3.11/site-packages/urllib3/connection.py:331: in connect
    self.sock = self._new_conn()
                ^^^^^^^^^^^^^^^^
/root/.venv/lib/python3.11/site-packages/urllib3/connection.py:213: in _new_conn
    raise ConnectTimeoutError(
E   urllib3.exceptions.ConnectTimeoutError: (&lt;HTTPConnection(host='20.249.208.224', port=4000) at 0xfacc2791c790&gt;, 'Connection to 20.249.208.224 timed out. (connect timeout=12)')

The above exception was the direct cause of the following exception:
/root/.venv/lib/python3.11/site-packages/requests/adapters.py:645: in send
    resp = conn.urlopen(
/root/.venv/lib/python3.11/site-packages/urllib3/connectionpool.py:841: in urlopen
    retries = retries.increment(
/root/.venv/lib/python3.11/site-packages/urllib3/util/retry.py:535: in increment
    raise MaxRetryError(_pool, url, reason) from reason  # type: ignore[arg-type]
    ^^^^^^^^^^^^^^^^^^^^^^^^^^^^^^^^^^^^^^^^^^^^^^^^^^^
E   urllib3.exceptions.MaxRetryError: HTTPConnectionPool(host='20.249.208.224', port=4000): Max retries exceeded with url: /readyz (Caused by ConnectTimeoutError(&lt;HTTPConnection(host='20.249.208.224', port=4000) at 0xfacc2791c790&gt;, 'Connection to 20.249.208.224 timed out. (connect timeout=12)'))

During handling of the above exception, another exception occurred:
tests/test_nexus_deployment_public.py:47: in test_api_gateway_readyz_public_200
    response = fetch(f"{BASE_HTTP}:4000/readyz")
               ^^^^^^^^^^^^^^^^^^^^^^^^^^^^^^^^^
tests/test_nexus_deployment_public.py:14: in fetch
    return requests.get(url, timeout=TIMEOUT_SECONDS, allow_redirects=False)
           ^^^^^^^^^^^^^^^^^^^^^^^^^^^^^^^^^^^^^^^^^^^^^^^^^^^^^^^^^^^^^^^^^
/root/.venv/lib/python3.11/site-packages/requests/api.py:73: in get
    return request("get", url, params=params, **kwargs)
           ^^^^^^^^^^^^^^^^^^^^^^^^^^^^^^^^^^^^^^^^^^^^
/root/.venv/lib/python3.11/site-packages/requests/api.py:59: in request
    return session.request(method=method, url=url, **kwargs)
           ^^^^^^^^^^^^^^^^^^^^^^^^^^^^^^^^^^^^^^^^^^^^^^^^^
/root/.venv/lib/python3.11/site-packages/requests/sessions.py:592: in request
    resp = self.send(prep, **send_kwargs)
           ^^^^^^^^^^^^^^^^^^^^^^^^^^^^^^
/root/.venv/lib/python3.11/site-packages/requests/sessions.py:706: in send
    r = adapter.send(request, **kwargs)
        ^^^^^^^^^^^^^^^^^^^^^^^^^^^^^^^
/root/.venv/lib/python3.11/site-packages/requests/adapters.py:666: in send
    raise ConnectTimeout(e, request=request)
E   requests.exceptions.ConnectTimeout: HTTPConnectionPool(host='20.249.208.224', port=4000): Max retries exceeded with url: /readyz (Caused by ConnectTimeoutError(&lt;HTTPConnection(host='20.249.208.224', port=4000) at 0xfacc2791c790&gt;, 'Connection to 20.249.208.224 timed out. (connect timeout=12)'))</failure></testcase><testcase classname="tests.test_nexus_deployment_public" name="test_server_root_http_reachable" time="12.011"><failure message="requests.exceptions.ConnectTimeout: HTTPConnectionPool(host='20.249.208.224', port=80): Max retries exceeded with url: / (Caused by ConnectTimeoutError(&lt;HTTPConnection(host='20.249.208.224', port=80) at 0xfacc27954150&gt;, 'Connection to 20.249.208.224 timed out. (connect timeout=12)'))">/root/.venv/lib/python3.11/site-packages/urllib3/connection.py:204: in _new_conn
    sock = connection.create_connection(
/root/.venv/lib/python3.11/site-packages/urllib3/util/connection.py:85: in create_connection
    raise err
/root/.venv/lib/python3.11/site-packages/urllib3/util/connection.py:73: in create_connection
    sock.connect(sa)
E   TimeoutError: timed out

The above exception was the direct cause of the following exception:
/root/.venv/lib/python3.11/site-packages/urllib3/connectionpool.py:787: in urlopen
    response = self._make_request(
/root/.venv/lib/python3.11/site-packages/urllib3/connectionpool.py:493: in _make_request
    conn.request(
/root/.venv/lib/python3.11/site-packages/urllib3/connection.py:500: in request
    self.endheaders()
/usr/local/lib/python3.11/http/client.py:1318: in endheaders
    self._send_output(message_body, encode_chunked=encode_chunked)
/usr/local/lib/python3.11/http/client.py:1078: in _send_output
    self.send(msg)
/usr/local/lib/python3.11/http/client.py:1016: in send
    self.connect()
/root/.venv/lib/python3.11/site-packages/urllib3/connection.py:331: in connect
    self.sock = self._new_conn()
                ^^^^^^^^^^^^^^^^
/root/.venv/lib/python3.11/site-packages/urllib3/connection.py:213: in _new_conn
    raise ConnectTimeoutError(
E   urllib3.exceptions.ConnectTimeoutError: (&lt;HTTPConnection(host='20.249.208.224', port=80) at 0xfacc27954150&gt;, 'Connection to 20.249.208.224 timed out. (connect timeout=12)')

The above exception was the direct cause of the following exception:
/root/.venv/lib/python3.11/site-packages/requests/adapters.py:645: in send
    resp = conn.urlopen(
/root/.venv/lib/python3.11/site-packages/urllib3/connectionpool.py:841: in urlopen
    retries = retries.increment(
/root/.venv/lib/python3.11/site-packages/urllib3/util/retry.py:535: in increment
    raise MaxRetryError(_pool, url, reason) from reason  # type: ignore[arg-type]
    ^^^^^^^^^^^^^^^^^^^^^^^^^^^^^^^^^^^^^^^^^^^^^^^^^^^
E   urllib3.exceptions.MaxRetryError: HTTPConnectionPool(host='20.249.208.224', port=80): Max retries exceeded with url: / (Caused by ConnectTimeoutError(&lt;HTTPConnection(host='20.249.208.224', port=80) at 0xfacc27954150&gt;, 'Connection to 20.249.208.224 timed out. (connect timeout=12)'))

During handling of the above exception, another exception occurred:
tests/test_nexus_deployment_public.py:55: in test_server_root_http_reachable
    response = fetch(BASE_HTTP)
               ^^^^^^^^^^^^^^^^
tests/test_nexus_deployment_public.py:14: in fetch
    return requests.get(url, timeout=TIMEOUT_SECONDS, allow_redirects=False)
           ^^^^^^^^^^^^^^^^^^^^^^^^^^^^^^^^^^^^^^^^^^^^^^^^^^^^^^^^^^^^^^^^^
/root/.venv/lib/python3.11/site-packages/requests/api.py:73: in get
    return request("get", url, params=params, **kwargs)
           ^^^^^^^^^^^^^^^^^^^^^^^^^^^^^^^^^^^^^^^^^^^^
/root/.venv/lib/python3.11/site-packages/requests/api.py:59: in request
    return session.request(method=method, url=url, **kwargs)
           ^^^^^^^^^^^^^^^^^^^^^^^^^^^^^^^^^^^^^^^^^^^^^^^^^
/root/.venv/lib/python3.11/site-packages/requests/sessions.py:592: in request
    resp = self.send(prep, **send_kwargs)
           ^^^^^^^^^^^^^^^^^^^^^^^^^^^^^^
/root/.venv/lib/python3.11/site-packages/requests/sessions.py:706: in send
    r = adapter.send(request, **kwargs)
        ^^^^^^^^^^^^^^^^^^^^^^^^^^^^^^^
/root/.venv/lib/python3.11/site-packages/requests/adapters.py:666: in send
    raise ConnectTimeout(e, request=request)
E   requests.exceptions.ConnectTimeout: HTTPConnectionPool(host='20.249.208.224', port=80): Max retries exceeded with url: / (Caused by ConnectTimeoutError(&lt;HTTPConnection(host='20.249.208.224', port=80) at 0xfacc27954150&gt;, 'Connection to 20.249.208.224 timed out. (connect timeout=12)'))</failure></testcase></testsuite></testsuites>