<?xml version="1.0" encoding="utf-8"?><testsuites name="pytest tests"><testsuite name="pytest" errors="0" failures="0" skipped="0" tests="5" time="2.638" timestamp="2026-05-10T15:12:35.031581+00:00" hostname="agent-env-ab0e3f42-3ce7-4f14-9881-bf5f9e8162fa"><testcase classname="backend.tests.backend_test" name="test_login_endpoint_returns_user_and_token" time="0.228" /><testcase classname="backend.tests.backend_test" name="test_conversations_endpoint_returns_seeded_inbox" time="0.311" /><testcase classname="backend.tests.backend_test" name="test_stories_endpoint_returns_groups" time="0.044" /><testcase classname="backend.tests.backend_test" name="test_reels_endpoint_returns_feed" time="0.043" /><testcase classname="backend.tests.backend_test" name="test_assistant_respond_endpoint_returns_ai_message" time="1.945" /></testsuite></testsuites>